Removed Pin From Net: NetName=00.0 Pin=P6-1
Removed Pin From Net: NetName=02.1 Pin=P6-2
Removed Pin From Net: NetName=00.1 Pin=P6-3
Removed Pin From Net: NetName=GNDCAM Pin=P6-4
Removed Pin From Net: NetName=00.2 Pin=P6-5
Removed Pin From Net: NetName=02.3 Pin=P6-6
Removed Pin From Net: NetName=00.3 Pin=P6-7
Removed Pin From Net: NetName=02.2 Pin=P6-8
Removed Pin From Net: NetName=00.4 Pin=P6-9
Removed Pin From Net: NetName=00.5 Pin=P6-11
Removed Pin From Net: NetName=02.0 Pin=P6-12
Removed Pin From Net: NetName=00.6 Pin=P6-13
Removed Pin From Net: NetName=GNDCAM Pin=P6-14
Removed Pin From Net: NetName=00.7 Pin=P6-15
Removed Pin From Net: NetName=VCCCAM Pin=P6-16
Removed Pin From Net: NetName=VCC5V Pin=U6-1
Removed Pin From Net: NetName=GND5V Pin=U6-2
Removed Pin From Net: NetName=VCC5V Pin=U6-3
Removed Member From Class: ClassName=Car_board Member=P6
Removed Member From Class: ClassName=Car_board Member=U6
Added Room: Name=Car_board
