Removed Pin From Net: NetName=GNDBAT Pin=L3-1
Removed Pin From Net: NetName=VCC3V3 Pin=U2-2
Removed Pin From Net: NetName=VCC3V3 Pin=U2-4
Removed Member From Class: ClassName=Car_board Member=L2
Removed Member From Class: ClassName=Car_board Member=L3
Change component parameters: Designator = "R15" ("R15"); Footprint = "0603R"; UniqueID = "\SNXGYJNG" ("\SNXGYJNG")
Change component parameters (AddParameter): Name = "LatestRevisionDate"; Value = "17-Jul-2002"; VariantName = "[No Variations]"
Change component parameters (AddParameter): Name = "LatestRevisionNote"; Value = "Re-released for DXP Platform."; VariantName = "[No Variations]"
Change component parameters (AddParameter): Name = "PackageDescription"; Value = "Axial Device, Thru-Hole; 2 Leads; 0.4 in Pin Spacing"; VariantName = "[No Variations]"
Change component parameters (AddParameter): Name = "PackageReference"; Value = "AXIAL-0.4"; VariantName = "[No Variations]"
Change component parameters (AddParameter): Name = "Published"; Value = "8-Jun-2000"; VariantName = "[No Variations]"
Change component parameters (AddParameter): Name = "Publisher"; Value = "Altium Limited"; VariantName = "[No Variations]"
Change component parameters (AddParameter): Name = "Value"; Value = "4.7K"; VariantName = "[No Variations]"
Change component parameters: Designator = "R16" ("R16"); Footprint = "0603R"; UniqueID = "\CEUBCIFK" ("\CEUBCIFK")
Change component parameters (AddParameter): Name = "LatestRevisionDate"; Value = "17-Jul-2002"; VariantName = "[No Variations]"
Change component parameters (AddParameter): Name = "LatestRevisionNote"; Value = "Re-released for DXP Platform."; VariantName = "[No Variations]"
Change component parameters (AddParameter): Name = "PackageDescription"; Value = "Axial Device, Thru-Hole; 2 Leads; 0.4 in Pin Spacing"; VariantName = "[No Variations]"
Change component parameters (AddParameter): Name = "PackageReference"; Value = "AXIAL-0.4"; VariantName = "[No Variations]"
Change component parameters (AddParameter): Name = "Published"; Value = "8-Jun-2000"; VariantName = "[No Variations]"
Change component parameters (AddParameter): Name = "Publisher"; Value = "Altium Limited"; VariantName = "[No Variations]"
Change component parameters (AddParameter): Name = "Value"; Value = "4.7K"; VariantName = "[No Variations]"
Change component parameters: Designator = "R33" ("R33"); Footprint = "0603R"; UniqueID = "\LCKEXJQL" ("\LCKEXJQL")
Change component parameters (AddParameter): Name = "LatestRevisionDate"; Value = "17-Jul-2002"; VariantName = "[No Variations]"
Change component parameters (AddParameter): Name = "LatestRevisionNote"; Value = "Re-released for DXP Platform."; VariantName = "[No Variations]"
Change component parameters (AddParameter): Name = "PackageDescription"; Value = "Axial Device, Thru-Hole; 2 Leads; 0.4 in Pin Spacing"; VariantName = "[No Variations]"
Change component parameters (AddParameter): Name = "PackageReference"; Value = "AXIAL-0.4"; VariantName = "[No Variations]"
Change component parameters (AddParameter): Name = "Published"; Value = "8-Jun-2000"; VariantName = "[No Variations]"
Change component parameters (AddParameter): Name = "Publisher"; Value = "Altium Limited"; VariantName = "[No Variations]"
Change component parameters (AddParameter): Name = "Value"; Value = "30K"; VariantName = "[No Variations]"
Change component parameters: Designator = "R34" ("R34"); Footprint = "0603R"; UniqueID = "\VWSEKVKU" ("\VWSEKVKU")
Change component parameters (AddParameter): Name = "LatestRevisionDate"; Value = "17-Jul-2002"; VariantName = "[No Variations]"
Change component parameters (AddParameter): Name = "LatestRevisionNote"; Value = "Re-released for DXP Platform."; VariantName = "[No Variations]"
Change component parameters (AddParameter): Name = "PackageDescription"; Value = "Axial Device, Thru-Hole; 2 Leads; 0.4 in Pin Spacing"; VariantName = "[No Variations]"
Change component parameters (AddParameter): Name = "PackageReference"; Value = "AXIAL-0.4"; VariantName = "[No Variations]"
Change component parameters (AddParameter): Name = "Published"; Value = "8-Jun-2000"; VariantName = "[No Variations]"
Change component parameters (AddParameter): Name = "Publisher"; Value = "Altium Limited"; VariantName = "[No Variations]"
Change component parameters (AddParameter): Name = "Value"; Value = "10K"; VariantName = "[No Variations]"
Added Component: Designator=P6(HDR1X3)
Add component (AddParameter): Name = "LatestRevisionDate"; Value = "17-Jul-2002"; VariantName = "[No Variations]"
Add component (AddParameter): Name = "LatestRevisionNote"; Value = "Re-released for DXP Platform."; VariantName = "[No Variations]"
Add component (AddParameter): Name = "Publisher"; Value = "Altium Limited"; VariantName = "[No Variations]"
Added Pin To Net: NetName=GNDBAT Pin=C1-1
Added Pin To Net: NetName=GNDBAT Pin=C2-1
Added Pin To Net: NetName=GNDBAT Pin=C3-2
Added Pin To Net: NetName=GNDBAT Pin=C4-2
Added Pin To Net: NetName=GNDBAT Pin=C9-1
Added Pin To Net: NetName=GNDBAT Pin=C10-1
Added Pin To Net: NetName=GNDBAT Pin=C11-2
Added Pin To Net: NetName=GNDBAT Pin=C12-2
Added Pin To Net: NetName=GNDBAT Pin=LED1-2
Added Pin To Net: NetName=GNDBAT Pin=LED2-2
Added Pin To Net: NetName=GNDBAT Pin=P5-2
Added Pin To Net: NetName=GNDBAT Pin=P6-1
Added Pin To Net: NetName=VCC5V Pin=P6-2
Added Pin To Net: NetName=GNDBAT Pin=P7-2
Added Pin To Net: NetName=GNDBAT Pin=P8-2
Added Pin To Net: NetName=GNDBAT Pin=P9-1
Added Pin To Net: NetName=GNDBAT Pin=P10-1
Added Pin To Net: NetName=GNDBAT Pin=P11-1
Added Pin To Net: NetName=GNDBAT Pin=P12-1
Added Pin To Net: NetName=GNDBAT Pin=P13-5
Added Pin To Net: NetName=GNDBAT Pin=P13-6
Added Pin To Net: NetName=GNDBAT Pin=P16-1
Added Pin To Net: NetName=GNDBAT Pin=P16-3
Added Pin To Net: NetName=GNDBAT Pin=P16-5
Added Pin To Net: NetName=GNDBAT Pin=P16-7
Added Pin To Net: NetName=GNDBAT Pin=Q2-2
Added Pin To Net: NetName=GNDBAT Pin=R32-1
Added Pin To Net: NetName=GNDBAT Pin=S2-3
Added Pin To Net: NetName=GNDBAT Pin=S2-4
Added Pin To Net: NetName=GNDBAT Pin=S3-1
Added Pin To Net: NetName=GNDBAT Pin=S4-1
Added Pin To Net: NetName=GNDBAT Pin=S5-1
Added Pin To Net: NetName=GNDBAT Pin=S6-1
Added Pin To Net: NetName=GNDBAT Pin=U1-2
Added Pin To Net: NetName=GNDBAT Pin=U2-1
Added Pin To Net: NetName=VCC5V Pin=U2-2
Added Pin To Net: NetName=GNDBAT Pin=U2-3
Added Pin To Net: NetName=VCC5V Pin=U2-4
Added Pin To Net: NetName=GNDBAT Pin=U3-2
Change Net Name : Old Net Name=GNDBAT New Net Name=GND
Added Pin To Net: NetName=32.4 Pin=P6-3
Added Pin To Net: NetName=32.4 Pin=U2-32
Added Net: Name=32.4
Added Member To Class: ClassName=Car_board Member=Component P6 Header 3
