Removed Pin From Net: NetName=GND Pin=P10-1
Removed Pin From Net: NetName=VCC3V3 Pin=P10-2
Removed Pin From Net: NetName=02.8 Pin=P10-3
Removed Pin From Net: NetName=00.9 Pin=P10-4
Removed Pin From Net: NetName=GND Pin=P11-1
Removed Pin From Net: NetName=VCC3V3 Pin=P11-2
Removed Pin From Net: NetName=10.3 Pin=P11-3
Removed Pin From Net: NetName=10.1 Pin=P11-4
Removed Pin From Net: NetName=GND Pin=P12-1
Removed Pin From Net: NetName=VCC3V3 Pin=P12-2
Removed Pin From Net: NetName=20.3 Pin=P12-3
Removed Pin From Net: NetName=20.0 Pin=P12-4
Removed Pin From Net: NetName=GND Pin=P14-3
Removed Pin From Net: NetName=GND Pin=P14-4
Removed Pin From Net: NetName=21.2 Pin=R28-1
Removed Pin From Net: NetName=21.3 Pin=R29-1
Removed Pin From Net: NetName=21.4 Pin=R35-2
Removed Pin From Net: NetName=21.5 Pin=R36-2
Removed Member From Class: ClassName=Car_board Member=P10
Removed Member From Class: ClassName=Car_board Member=P11
Removed Member From Class: ClassName=Car_board Member=P12
Removed Member From Class: ClassName=Car_board Member=P14
Removed Member From Class: ClassName=Car_board Member=R28
Removed Member From Class: ClassName=Car_board Member=R29
Removed Member From Class: ClassName=Car_board Member=R35
Removed Member From Class: ClassName=Car_board Member=R36
